Unity Player [version: Unity 5.5.0f3_38b4efef76f0]

AlphaSprint.exe caused an Access Violation (0xc0000005)
  in module AlphaSprint.exe at 0023:0000000c.

Error occurred at 2017-02-10_023640.
L:\MyStuff\Programming\Projects\PP2\team_haf\Codebase\Dungeon Crawl THE GAME\AlphaSprint.exe, run by iRsonHar.
34% memory in use.
0 MB physical memory [0 MB free].
0 MB paging file [0 MB free].
0 MB user address space [3522 MB free].
Write to location 0000000c caused an access violation.

Context:
EDI:    0x027fed08  ESI: 0x0000000c  EAX:   0x15104988
EBX:    0x00000000  ECX: 0x0000000c  EDX:   0x65955bd0
EIP:    0x0000000c  EBP: 0x0113f6e8  SegCs: 0x00000023
EFlags: 0x00210283  ESP: 0x0113f6d4  SegSs: 0x0000002b

Bytes at CS:EIP:
?? ?? ?? ?? ?? ?? ?? ?? ?? ?? ?? ?? ?? ?? ?? ?? 

Stack:
0x0113f6d4: 65972779 027fed08 050480a0 05bc36a0 y'.e.........6..
0x0113f6e4: 2530c765 0113f6fc 01959f44 027ff0fc e.0%....D.......
0x0113f6f4: 05bc5ab0 00000001 0113f714 01964868 .Z..........hH..
0x0113f704: 0504f490 05bc36a0 00000000 00000000 .....6..........
0x0113f714: 0113f720 0196536b 05bc36a0 0113f748  ...kS...6..H...
0x0113f724: 014d0855 00000000 054486d0 0197e240 U.M.......D.@...
0x0113f734: 00000000 00000000 054486d0 0197e49b ..........D.....
0x0113f744: 05bc1e80 0113f768 0197cfdb 00000001 ....h...........
0x0113f754: 00000000 05bc1e80 00000000 00611754 ............T.a.
0x0113f764: 00611750 0113f774 0197d77b 05bc1e80 P.a.t...{.......
0x0113f774: 0113f8bc 014d07f3 00000000 00000001 ......M.........
0x0113f784: 0192589e 019280a7 019ffe0b 00000000 .X..............
0x0113f794: 00f72000 05043c00 01c0003f 000001ff . ...<..?.......
0x0113f7a4: 00000000 00000066 0000006f 00001fff ....f...o.......
0x0113f7b4: 05043b90 7fffffff 0113f7ec 01a1e6c0 .;..............
0x0113f7c4: 0000006b 0000006f 0000000f 0000000f k...o...........
0x0113f7d4: 7fffffff 00000000 02290a80 02a219b8 ..........).....
0x0113f7e4: 0000000f 0113f800 0113f81c 01a1c00c ................
0x0113f7f4: 02a22518 02202d48 0000000f 0113f80c .%..H- .........
0x0113f804: 7fffffff 05043e30 02290a80 02a219b8 ....0>....).....
0x0113f814: 02a205a8 0000006c 0000006f 01a0d3be ....l...o.......
0x0113f824: 0503fd30 02202d48 0000000f 00000000 0...H- .........
0x0113f834: 0000005d 0000005f 0113f778 616e614d ]..._...x...Mana
0x0113f844: 00646567 6c65746e 00000000 00000007 ged.ntel........
0x0113f854: 0000000f 02202d48 05027b90 05027bc8 ....H- ..{...{..
0x0113f864: 05027bc8 0000000d 04170ec0 65646900 .{...........ide
0x0113f874: 646e6957 6c00776f 0113006c 00000000 Window.ll.......
0x0113f884: 0000000f 00000000 00000000 65726100 .............are
0x0113f894: 5748746e 0100444e 027b415d 00000000 ntHWND..]A{.....
0x0113f8a4: 0000000f 00000000 04170ec0 04170f00 ................
0x0113f8b4: 00000000 00100801 0113f8d4 019c74f8 .............t..
0x0113f8c4: 01270000 00000000 027b415f 00000001 ..'....._A{.....
0x0113f8d4: 0113f964 019ffdb8 01270000 00000000 d.........'.....
0x0113f8e4: 027b415f 00000001 71379f84 019ffe0b _A{.......7q....
0x0113f8f4: 019ffe0b 00f72000 00000044 027b2408 ..... ..D....${.
0x0113f904: 027b23e8 027b232e 00000000 00000000 .#{..#{.........
0x0113f914: 00000000 00000000 00000000 00000000 ................
0x0113f924: 00000000 00000401 00000001 00000000 ................
0x0113f934: 00000000 e78709e1 00000000 c0000005 ................
0x0113f944: 019ffe0b 00000000 0113f8ec 0113f104 ................
0x0113f954: 0113f9b0 01a01710 72037148 00000000 ........Hq.r....
0x0113f964: 0113f978 74ff62c4 00f72000 74ff62a0 x....b.t. ...b.t
0x0113f974: 307ef31e 0113f9c0 77a70fd9 00f72000 ..~0.......w. ..
0x0113f984: 5d77564c 00000000 00000000 00f72000 LVw]......... ..
0x0113f994: c0000005 00000000 0113f0e4 779bd2a0 ...............w
0x0113f9a4: 5d77564c 0113f984 0113f0e4 0113f9c8 LVw]............
0x0113f9b4: 77a867b0 2bd4289c 00000000 0113f9d0 .g.w.(.+........
0x0113f9c4: 77a70fa4 ffffffff 77a92f0d 00000000 ...w...../.w....
0x0113f9d4: 00000000 019ffe0b 00f72000 00000000 ......... ......
0x0113f9e4: 00000000 00000000 00000000 00000000 ................
0x0113f9f4: 00000000 00000000 00000000 00000000 ................
0x0113fa04: 00000000 00000000 00000000 00000000 ................
0x0113fa14: 00000000 00000000 00000000 00000000 ................
0x0113fa24: 00000000 00000000 00000000 00000000 ................
0x0113fa34: 00000000 00000000 00000000 00000000 ................
0x0113fa44: 00000000 00000000 00000000 00000000 ................
0x0113fa54: 00000000 00000000 00000000 00000000 ................
0x0113fa64: 00000000 00000000 00000000 00000000 ................
0x0113fa74: 00000000 00000000 00000000 00000000 ................
0x0113fa84: 00000000 00000000 00000000 00000000 ................
0x0113fa94: 00000000 00000000 00000000 00000000 ................
0x0113faa4: 00000000 00000000 00000000 00000000 ................
0x0113fab4: 00000000 00000000 00000000 00000000 ................
0x0113fac4: 00000000 00000000 00000000 00000000 ................
0x0113fad4: 00000000 00000000 00000000 00000000 ................
0x0113fae4: 00000000 00000000 00000000 00000000 ................
0x0113faf4: 00000000 00000000 00000000 00000000 ................
0x0113fb04: 00000000 00000000 00000000 00000000 ................
0x0113fb14: 00000000 00000000 00000000 00000000 ................
0x0113fb24: 00000000 00000000 00000000 00000000 ................
0x0113fb34: 00000000 00000000 00000000 00000000 ................
0x0113fb44: 00000000 00000000 00000000 00000000 ................
0x0113fb54: 00000000 00000000 00000000 00000000 ................
0x0113fb64: 00000000 00000000 00000000 00000000 ................
0x0113fb74: 00000000 00000000 00000000 00000000 ................
0x0113fb84: 00000000 00000000 00000000 00000000 ................
0x0113fb94: 00000000 00000000 00000000 00000000 ................
0x0113fba4: 00000000 00000000 00000000 00000000 ................
0x0113fbb4: 00000000 00000000 00000000 00000000 ................
0x0113fbc4: 00000000 00000000 00000000 00000000 ................
0x0113fbd4: 00000000 00000000 00000000 00000000 ................
0x0113fbe4: 00000000 00000000 00000000 00000000 ................
0x0113fbf4: 00000000 00000000 00000000 00000000 ................
0x0113fc04: 00000000 00000000 00000000 00000000 ................
0x0113fc14: 00000000 00000000 00000000 00000000 ................
0x0113fc24: 00000000 00000000 00000000 00000000 ................
0x0113fc34: 00000000 00000000 00000000 00000000 ................
0x0113fc44: 00000000 00000000 00000000 00000000 ................
0x0113fc54: 00000000 00000000 00000000 00000000 ................
0x0113fc64: 00000000 00000000 00000000 00000000 ................
0x0113fc74: 00000000 00000000 00000000 00000000 ................
0x0113fc84: 00000000 00000000 00000000 00000000 ................
0x0113fc94: 00000000 00000000 00000000 00000000 ................
0x0113fca4: 00000000 00000000 00000000 00000000 ................
0x0113fcb4: 00000000 00000000 00000000 00000000 ................
0x0113fcc4: 00000000 00000000 00000000 00000000 ................
0x0113fcd4: 00000000 00000000 00000000 00000000 ................
0x0113fce4: 00000000 00000000 00000000 00000000 ................
0x0113fcf4: 00000000 00000000 00000000 00000000 ................
0x0113fd04: 00000000 00000000 00000000 00000000 ................
0x0113fd14: 00000000 00000000 00000000 00000000 ................
0x0113fd24: 00000000 00000000 00000000 00000000 ................
0x0113fd34: 00000000 00000000 00000000 00000000 ................
0x0113fd44: 00000000 00000000 00000000 00000000 ................
0x0113fd54: 00000000 00000000 00000000 00000000 ................
0x0113fd64: 00000000 00000000 00000000 00000000 ................
0x0113fd74: 00000000 00000000 00000000 00000000 ................
0x0113fd84: 00000000 00000000 00000000 00000000 ................
0x0113fd94: 00000000 00000000 00000000 00000000 ................
0x0113fda4: 00000000 00000000 00000000 00000000 ................
0x0113fdb4: 00000000 00000000 00000000 00000000 ................
0x0113fdc4: 00000000 00000000 00000000 00000000 ................
0x0113fdd4: 00000000 00000000 00000000 00000000 ................
0x0113fde4: 00000000 00000000 00000000 00000000 ................
0x0113fdf4: 00000000 00000000 00000000 00000000 ................
0x0113fe04: 00000000 00000000 00000000 00000000 ................
0x0113fe14: 00000000 00000000 00000000 00000000 ................
0x0113fe24: 00000000 00000000 00000000 00000000 ................
0x0113fe34: 00000000 00000000 00000000 00000000 ................
0x0113fe44: 00000000 00000000 00000000 00000000 ................
0x0113fe54: 00000000 00000000 00000000 00000000 ................
0x0113fe64: 00000000 00000000 00000000 00000000 ................
0x0113fe74: 00000000 00000000 00000000 00000000 ................
0x0113fe84: 00000000 00000000 00000000 00000000 ................
0x0113fe94: 00000000 00000000 00000000 00000000 ................
0x0113fea4: 00000000 00000000 00000000 00000000 ................
0x0113feb4: 00000000 00000000 00000000 00000000 ................
0x0113fec4: 00000000 00000000 00000000 00000000 ................
0x0113fed4: 00000000 00000000 00000000 00000000 ................
0x0113fee4: 00000000 00000000 00000000 00000000 ................
0x0113fef4: 00000000 00000000 00000000 00000000 ................
0x0113ff04: 00000000 00000000 00000000 00000000 ................
0x0113ff14: 00000000 00000000 00000000 00000000 ................
0x0113ff24: 00000000 00000000 00000000 00000000 ................
0x0113ff34: 00000000 00000000 00000000 00000000 ................
0x0113ff44: 00000000 00000000 00000000 00000000 ................
0x0113ff54: 00000000 00000000 00000000 00000000 ................
0x0113ff64: 00000000 00000000 00000000 00000000 ................
0x0113ff74: 00000000 00000000 00000000 00000000 ................
0x0113ff84: 00000000 00000000 00000000 00000000 ................
0x0113ff94: 00000000 00000000 00000000 00000000 ................
0x0113ffa4: 00000000 00000000 00000000 00000000 ................
0x0113ffb4: 00000000 00000000 00000000 00000000 ................
0x0113ffc4: 00000000 00000000 00000000 00000000 ................
0x0113ffd4: 00000000 00000000 00000000 00000000 ................
0x0113ffe4: 00000000 00000000 00000000 00000000 ................
0x0113fff4: 00000000 00000000 00000000          ............

Module 1
L:\MyStuff\Programming\Projects\PP2\team_haf\Codebase\Dungeon Crawl THE GAME\AlphaSprint.exe
Image Base: 0x01270000  Image Size: 0x0122e000
File Size:  18200576    File Time:  2016-11-24_094838
Version:
   Company:    
   Product:    
   FileDesc:   
   FileVer:    5.5.0.46319
   ProdVer:    5.5.0.46319

Module 2
G:\Razer Cortex\d3dx11_43.dll
Image Base: 0x02740000  Image Size: 0x0003f000
File Size:  248672      File Time:  2015-03-12_120450
Version:
   Company:    Microsoft Corporation
   Product:    Microsoft® DirectX for Windows®
   FileDesc:   Direct3D 10.1 Extensions
   FileVer:    9.29.952.3111
   ProdVer:    9.29.952.3111

Module 3
G:\Razer Cortex\D3DX8Wrapper.dll
Image Base: 0x029b0000  Image Size: 0x00047000
File Size:  264192      File Time:  2015-03-12_120450
Version:
   Company:    
   Product:    Game Booster
   FileDesc:   D3DX8Wra Dynamic Link Library
   FileVer:    3.0.0.0
   ProdVer:    3.5.0.0

Module 4
G:\Razer Cortex\EasyHook32.dll
Image Base: 0x04280000  Image Size: 0x0003c000
File Size:  216576      File Time:  2015-03-12_120452
Version:
   Company:    easyhook.codeplex.com
   Product:    EasyHook
   FileDesc:   EasyHook Native DLL (32-bit) (beta) - r73841
   FileVer:    2.7.5159.0
   ProdVer:    2.7.5159.0

Module 5
C:\PROGRA~2\RAPTRI~1\PlaysTV\ltc_help32-120220.dll
Image Base: 0x042e0000  Image Size: 0x00026000
File Size:  138448      File Time:  2017-02-03_190706
Version:
   Company:    Raptr Inc.
   Product:    Raptr In-Game Overlay
   FileDesc:   Help Module
   FileVer:    1.0.0.1
   ProdVer:    1.0.0.1

Module 6
C:\PROGRA~2\RAPTRI~1\Raptr\ltc_help32-116716.dll
Image Base: 0x04330000  Image Size: 0x00026000
File Size:  138448      File Time:  2016-09-28_165350
Version:
   Company:    Raptr Inc.
   Product:    Raptr In-Game Overlay
   FileDesc:   Help Module
   FileVer:    1.0.0.1
   ProdVer:    1.0.0.1

Module 7
G:\Razer Cortex\D3DCOMPILER_43.dll
Image Base: 0x043c0000  Image Size: 0x00207000
File Size:  2106216     File Time:  2015-03-12_120450
Version:
   Company:    Microsoft Corporation
   Product:    Microsoft® DirectX for Windows®
   FileDesc:   Direct3D HLSL Compiler
   FileVer:    9.29.952.3111
   ProdVer:    9.29.952.3111

Module 8
L:\MyStuff\Programming\Projects\PP2\team_haf\Codebase\Dungeon Crawl THE GAME\AlphaSprint_Data\Mono\mono.dll
Image Base: 0x10000000  Image Size: 0x00231000
File Size:  2115008     File Time:  2016-11-24_100056
Version:
   Company:    Unity Technologies
   Product:    libmono
   FileDesc:   Unity Technologies fork of mono runtime
   FileVer:    1.0.0.1
   ProdVer:    1.0.0.1

Module 9
G:\Razer Cortex\d3dx9_43.dll
Image Base: 0x0f280000  Image Size: 0x001ff000
File Size:  1998168     File Time:  2015-03-12_120450
Version:
   Company:    Microsoft Corporation
   Product:    Microsoft® DirectX for Windows®
   FileDesc:   Direct3D 9 Extensions
   FileVer:    9.29.952.3111
   ProdVer:    9.29.952.3111

Module 10
G:\Razer Cortex\d3dx10_43.dll
Image Base: 0x0f910000  Image Size: 0x00074000
File Size:  470880      File Time:  2015-03-12_120450
Version:
   Company:    Microsoft Corporation
   Product:    Microsoft® DirectX for Windows®
   FileDesc:   Direct3D 10.1 Extensions
   FileVer:    9.29.952.3111
   ProdVer:    9.29.952.3111

Module 11
G:\Razer Cortex\K_FPS.dll
Image Base: 0x0f9f0000  Image Size: 0x01a40000
File Size:  510256      File Time:  2015-03-12_120450
Version:
   Company:    Razer Inc.
   Product:    RazerCortex
   FileDesc:   FPS Dynamic Link Library
   FileVer:    3.0.0.61
   ProdVer:    4.0.0.0

Module 12
H:\School\DisplayFusion\Hooks\AppHookWIN6032_6f284842-6d8f-406b-b394-2d90ac230bbd.dll
Image Base: 0x10000000  Image Size: 0x00056000
File Size:  341008      File Time:  2016-01-21_234310
Version:
   Company:    Binary Fortress Software
   Product:    DisplayFusion Hook
   FileDesc:   DisplayFusion Hook
   FileVer:    7.3.1.1
   ProdVer:    7.3.1.1

Module 13
C:\WINDOWS\SYSTEM32\DDRAW.dll
Image Base: 0x57b50000  Image Size: 0x000ed000
File Size:  548352      File Time:  2016-11-02_054022
Version:
   Company:    Microsoft Corporation
   Product:    Microsoft® Windows® Operating System
   FileDesc:   Microsoft DirectDraw
   FileVer:    10.0.14393.447
   ProdVer:    10.0.14393.447

Module 14
C:\WINDOWS\SYSTEM32\DCIMAN32.dll
Image Base: 0x59360000  Image Size: 0x00007000
File Size:  11776       File Time:  2016-07-16_064250
Version:
   Company:    Microsoft Corporation
   Product:    Microsoft® Windows® Operating System
   FileDesc:   DCI Manager
   FileVer:    10.0.14393.0
   ProdVer:    10.0.14393.0

Module 15
C:\WINDOWS\SYSTEM32\OPENGL32.dll
Image Base: 0x59a40000  Image Size: 0x000e0000
File Size:  786944      File Time:  2016-07-16_064306
Version:
   Company:    Microsoft Corporation
   Product:    Microsoft® Windows® Operating System
   FileDesc:   OpenGL Client DLL
   FileVer:    10.0.14393.0
   ProdVer:    10.0.14393.0

Module 16
C:\WINDOWS\SYSTEM32\GLU32.dll
Image Base: 0x5a4b0000  Image Size: 0x00025000
File Size:  141312      File Time:  2016-07-16_064306
Version:
   Company:    Microsoft Corporation
   Product:    Microsoft® Windows® Operating System
   FileDesc:   OpenGL Utility Library DLL
   FileVer:    10.0.14393.0
   ProdVer:    10.0.14393.0

Module 17
C:\Windows\System32\cryptnet.dll
Image Base: 0x5e270000  Image Size: 0x00025000
File Size:  134656      File Time:  2016-07-16_064256
Version:
   Company:    Microsoft Corporation
   Product:    Microsoft® Windows® Operating System
   FileDesc:   Crypto Network Related API
   FileVer:    10.0.14393.0
   ProdVer:    10.0.14393.0

Module 18
C:\WINDOWS\SYSTEM32\gpapi.dll
Image Base: 0x5e2a0000  Image Size: 0x0001f000
File Size:  112120      File Time:  2016-07-16_064248
Version:
   Company:    Microsoft Corporation
   Product:    Microsoft® Windows® Operating System
   FileDesc:   Group Policy Client API
   FileVer:    10.0.14393.0
   ProdVer:    10.0.14393.0

Module 19
C:\PROGRA~2\RAPTRI~1\Raptr\ltc_game32-116716.dll
Image Base: 0x60a70000  Image Size: 0x001d9000
File Size:  1839312     File Time:  2016-09-28_165350
Version:
   Company:    Raptr Inc.
   Product:    Raptr In-Game Overlay
   FileDesc:   Game Module
   FileVer:    1.0.0.1
   ProdVer:    1.0.0.1

Module 20
C:\WINDOWS\SYSTEM32\dxgi.dll
Image Base: 0x65810000  Image Size: 0x00084000
File Size:  527880      File Time:  2016-11-11_024746
Version:
   Company:    Microsoft Corporation
   Product:    Microsoft® Windows® Operating System
   FileDesc:   DirectX Graphics Infrastructure
   FileVer:    10.0.14393.479
   ProdVer:    10.0.14393.479

Module 21
C:\WINDOWS\SYSTEM32\d3d11.dll
Image Base: 0x658c0000  Image Size: 0x0022f000
File Size:  2277248     File Time:  2016-11-11_024802
Version:
   Company:    Microsoft Corporation
   Product:    Microsoft® Windows® Operating System
   FileDesc:   Direct3D 11 Runtime
   FileVer:    10.0.14393.479
   ProdVer:    10.0.14393.479

Module 22
C:\WINDOWS\SYSTEM32\DSOUND.dll
Image Base: 0x68f10000  Image Size: 0x00089000
File Size:  538112      File Time:  2016-07-16_064250
Version:
   Company:    Microsoft Corporation
   Product:    Microsoft® Windows® Operating System
   FileDesc:   DirectSound
   FileVer:    10.0.14393.0
   ProdVer:    10.0.14393.0

Module 23
C:\WINDOWS\WinSxS\x86_microsoft.windows.gdiplus_6595b64144ccf1df_1.1.14393.321_none_baab3cb4359688b4\gdiplus.dll
Image Base: 0x68fa0000  Image Size: 0x00169000
File Size:  1456640     File Time:  2016-10-05_041426
Version:
   Company:    Microsoft Corporation
   Product:    Microsoft® Windows® Operating System
   FileDesc:   Microsoft GDI+
   FileVer:    10.0.14393.321
   ProdVer:    10.0.14393.321

Module 24
C:\WINDOWS\system32\uxtheme.dll
Image Base: 0x6a3f0000  Image Size: 0x00075000
File Size:  457728      File Time:  2016-07-16_064306
Version:
   Company:    Microsoft Corporation
   Product:    Microsoft® Windows® Operating System
   FileDesc:   Microsoft UxTheme Library
   FileVer:    10.0.14393.0
   ProdVer:    10.0.14393.0

Module 25
C:\WINDOWS\System32\fwpuclnt.dll
Image Base: 0x6a740000  Image Size: 0x00049000
File Size:  279040      File Time:  2016-07-16_064256
Version:
   Company:    Microsoft Corporation
   Product:    Microsoft® Windows® Operating System
   FileDesc:   FWP/IPsec User-Mode API
   FileVer:    10.0.14393.0
   ProdVer:    10.0.14393.0

Module 26
C:\Windows\System32\rasadhlp.dll
Image Base: 0x6b900000  Image Size: 0x00008000
File Size:  13312       File Time:  2016-07-16_064302
Version:
   Company:    Microsoft Corporation
   Product:    Microsoft® Windows® Operating System
   FileDesc:   Remote Access AutoDial Helper
   FileVer:    10.0.14393.0
   ProdVer:    10.0.14393.0

Module 27
C:\WINDOWS\SYSTEM32\dbghelp.dll
Image Base: 0x6bfd0000  Image Size: 0x00145000
File Size:  1220608     File Time:  2016-07-16_064258
Version:
   Company:    Microsoft
   Product:    Microsoft® Windows® Operating System
   FileDesc:   Windows Image Helper
   FileVer:    10.0.14321.1024
   ProdVer:    10.0.14321.1024

Module 28
C:\Program Files (x86)\Bonjour\mdnsNSP.dll
Image Base: 0x6c490000  Image Size: 0x00021000
File Size:  121704      File Time:  2011-08-30_220502
Version:
   Company:    Apple Inc.
   Product:    Bonjour
   FileDesc:   Bonjour Namespace Provider
   FileVer:    3.0.0.10
   ProdVer:    3.0.0.10

Module 29
C:\WINDOWS\SYSTEM32\midimap.dll
Image Base: 0x6c710000  Image Size: 0x00008000
File Size:  18944       File Time:  2016-07-16_064250
Version:
   Company:    Microsoft Corporation
   Product:    Microsoft® Windows® Operating System
   FileDesc:   Microsoft MIDI Mapper
   FileVer:    10.0.14393.0
   ProdVer:    10.0.14393.0

Module 30
C:\WINDOWS\SYSTEM32\MSACM32.dll
Image Base: 0x6c720000  Image Size: 0x00018000
File Size:  90912       File Time:  2016-07-16_064250
Version:
   Company:    Microsoft Corporation
   Product:    Microsoft® Windows® Operating System
   FileDesc:   Microsoft ACM Audio Filter
   FileVer:    10.0.14393.0
   ProdVer:    10.0.14393.0

Module 31
C:\WINDOWS\SYSTEM32\msacm32.drv
Image Base: 0x6c740000  Image Size: 0x0000a000
File Size:  24576       File Time:  2016-07-16_064250
Version:
   Company:    Microsoft Corporation
   Product:    Microsoft® Windows® Operating System
   FileDesc:   Microsoft Sound Mapper
   FileVer:    10.0.14393.0
   ProdVer:    10.0.14393.0

Module 32
C:\WINDOWS\SYSTEM32\wintypes.dll
Image Base: 0x6c750000  Image Size: 0x000cf000
File Size:  846560      File Time:  2016-12-09_045926
Version:
   Company:    Microsoft Corporation
   Product:    Microsoft® Windows® Operating System
   FileDesc:   Windows Base Types DLL
   FileVer:    10.0.14393.576
   ProdVer:    10.0.14393.576

Module 33
C:\WINDOWS\SYSTEM32\AUDIOSES.DLL
Image Base: 0x6c820000  Image Size: 0x0007b000
File Size:  484584      File Time:  2016-11-02_070138
Version:
   Company:    Microsoft Corporation
   Product:    Microsoft® Windows® Operating System
   FileDesc:   Audio Session
   FileVer:    10.0.14393.447
   ProdVer:    10.0.14393.447

Module 34
C:\WINDOWS\SYSTEM32\AVRT.dll
Image Base: 0x6c8a0000  Image Size: 0x00009000
File Size:  29448       File Time:  2016-07-16_064250
Version:
   Company:    Microsoft Corporation
   Product:    Microsoft® Windows® Operating System
   FileDesc:   Multimedia Realtime Runtime
   FileVer:    10.0.14393.0
   ProdVer:    10.0.14393.0

Module 35
C:\WINDOWS\SYSTEM32\ksuser.dll
Image Base: 0x6c8b0000  Image Size: 0x00007000
File Size:  20672       File Time:  2016-07-16_064250
Version:
   Company:    Microsoft Corporation
   Product:    Microsoft® Windows® Operating System
   FileDesc:   User CSA Library
   FileVer:    10.0.14393.0
   ProdVer:    10.0.14393.0

Module 36
C:\WINDOWS\SYSTEM32\wdmaud.drv
Image Base: 0x6c8c0000  Image Size: 0x00039000
File Size:  207360      File Time:  2016-07-16_064250
Version:
   Company:    Microsoft Corporation
   Product:    Microsoft® Windows® Operating System
   FileDesc:   Winmm  audio system driver
   FileVer:    10.0.14393.0
   ProdVer:    10.0.14393.0

Module 37
C:\WINDOWS\System32\PROPSYS.dll
Image Base: 0x6cb30000  Image Size: 0x0014f000
File Size:  1375456     File Time:  2016-07-16_064256
Version:
   Company:    Microsoft Corporation
   Product:    Windows® Search
   FileDesc:   Microsoft Property System
   FileVer:    7.0.14393.0
   ProdVer:    7.0.14393.0

Module 38
C:\WINDOWS\System32\MMDevApi.dll
Image Base: 0x6ce20000  Image Size: 0x00058000
File Size:  352768      File Time:  2016-07-16_064250
Version:
   Company:    Microsoft Corporation
   Product:    Microsoft® Windows® Operating System
   FileDesc:   MMDevice API
   FileVer:    10.0.14393.0
   ProdVer:    10.0.14393.0

Module 39
C:\WINDOWS\system32\wbem\fastprox.dll
Image Base: 0x6cef0000  Image Size: 0x000c2000
File Size:  779776      File Time:  2016-07-16_064258
Version:
   Company:    Microsoft Corporation
   Product:    Microsoft® Windows® Operating System
   FileDesc:   WMI Custom Marshaller
   FileVer:    10.0.14393.0
   ProdVer:    10.0.14393.0

Module 40
C:\WINDOWS\system32\wbem\wbemsvc.dll
Image Base: 0x6cfc0000  Image Size: 0x00010000
File Size:  48640       File Time:  2016-07-16_064258
Version:
   Company:    Microsoft Corporation
   Product:    Microsoft® Windows® Operating System
   FileDesc:   WMI
   FileVer:    10.0.14393.0
   ProdVer:    10.0.14393.0

Module 41
C:\WINDOWS\SYSTEM32\wbemcomn.dll
Image Base: 0x6cfd0000  Image Size: 0x00067000
File Size:  391168      File Time:  2016-07-16_064258
Version:
   Company:    Microsoft Corporation
   Product:    Microsoft® Windows® Operating System
   FileDesc:   WMI
   FileVer:    10.0.14393.0
   ProdVer:    10.0.14393.0

Module 42
C:\WINDOWS\system32\wbem\wbemprox.dll
Image Base: 0x6d060000  Image Size: 0x0000d000
File Size:  35328       File Time:  2016-07-16_064258
Version:
   Company:    Microsoft Corporation
   Product:    Microsoft® Windows® Operating System
   FileDesc:   WMI
   FileVer:    10.0.14393.0
   ProdVer:    10.0.14393.0

Module 43
C:\WINDOWS\SYSTEM32\WINNSI.DLL
Image Base: 0x6d070000  Image Size: 0x00008000
File Size:  26848       File Time:  2016-07-16_064228
Version:
   Company:    Microsoft Corporation
   Product:    Microsoft® Windows® Operating System
   FileDesc:   Network Store Information RPC interface
   FileVer:    10.0.14393.0
   ProdVer:    10.0.14393.0

Module 44
C:\WINDOWS\system32\dwmapi.dll
Image Base: 0x6f210000  Image Size: 0x0001f000
File Size:  113504      File Time:  2016-09-15_121352
Version:
   Company:    Microsoft Corporation
   Product:    Microsoft® Windows® Operating System
   FileDesc:   Microsoft Desktop Window Manager API
   FileVer:    10.0.14393.206
   ProdVer:    10.0.14393.206

Module 45
C:\WINDOWS\SYSTEM32\dhcpcsvc.DLL
Image Base: 0x6f230000  Image Size: 0x00014000
File Size:  63488       File Time:  2016-07-16_064256
Version:
   Company:    Microsoft Corporation
   Product:    Microsoft® Windows® Operating System
   FileDesc:   DHCP Client Service
   FileVer:    10.0.14393.0
   ProdVer:    10.0.14393.0

Module 46
C:\WINDOWS\SYSTEM32\dhcpcsvc6.DLL
Image Base: 0x6f3b0000  Image Size: 0x00013000
File Size:  57344       File Time:  2016-07-16_064256
Version:
   Company:    Microsoft Corporation
   Product:    Microsoft® Windows® Operating System
   FileDesc:   DHCPv6 Client
   FileVer:    10.0.14393.0
   ProdVer:    10.0.14393.0

Module 47
C:\WINDOWS\SYSTEM32\ntmarta.dll
Image Base: 0x70220000  Image Size: 0x00028000
File Size:  154432      File Time:  2016-07-16_064256
Version:
   Company:    Microsoft Corporation
   Product:    Microsoft® Windows® Operating System
   FileDesc:   Windows NT MARTA provider
   FileVer:    10.0.14393.0
   ProdVer:    10.0.14393.0

Module 48
C:\WINDOWS\SYSTEM32\MSWSOCK.dll
Image Base: 0x70b70000  Image Size: 0x0004e000
File Size:  306016      File Time:  2016-07-16_064256
Version:
   Company:    Microsoft Corporation
   Product:    Microsoft® Windows® Operating System
   FileDesc:   Microsoft Windows Sockets 2.0 Service Provider
   FileVer:    10.0.14393.0
   ProdVer:    10.0.14393.0

Module 49
C:\WINDOWS\system32\rsaenh.dll
Image Base: 0x72170000  Image Size: 0x0002f000
File Size:  184416      File Time:  2016-07-16_064256
Version:
   Company:    Microsoft Corporation
   Product:    Microsoft® Windows® Operating System
   FileDesc:   Microsoft Enhanced Cryptographic Provider
   FileVer:    10.0.14393.0
   ProdVer:    10.0.14393.0

Module 50
C:\WINDOWS\SYSTEM32\CRYPTSP.dll
Image Base: 0x721a0000  Image Size: 0x00013000
File Size:  68720       File Time:  2016-07-16_064256
Version:
   Company:    Microsoft Corporation
   Product:    Microsoft® Windows® Operating System
   FileDesc:   Cryptographic Service Provider API
   FileVer:    10.0.14393.0
   ProdVer:    10.0.14393.0

Module 51
C:\WINDOWS\SYSTEM32\bcrypt.dll
Image Base: 0x726b0000  Image Size: 0x0001b000
File Size:  106896      File Time:  2016-12-09_050100
Version:
   Company:    Microsoft Corporation
   Product:    Microsoft® Windows® Operating System
   FileDesc:   Windows Cryptographic Primitives Library
   FileVer:    10.0.14393.576
   ProdVer:    10.0.14393.576

Module 52
C:\WINDOWS\System32\DEVOBJ.dll
Image Base: 0x726d0000  Image Size: 0x00022000
File Size:  132232      File Time:  2016-07-16_064256
Version:
   Company:    Microsoft Corporation
   Product:    Microsoft® Windows® Operating System
   FileDesc:   Device Information Set DLL
   FileVer:    10.0.14393.0
   ProdVer:    10.0.14393.0

Module 53
C:\WINDOWS\SYSTEM32\WINMMBASE.dll
Image Base: 0x728a0000  Image Size: 0x00023000
File Size:  131208      File Time:  2016-07-16_064250
Version:
   Company:    Microsoft Corporation
   Product:    Microsoft® Windows® Operating System
   FileDesc:   Base Multimedia Extension API DLL
   FileVer:    10.0.14393.0
   ProdVer:    10.0.14393.0

Module 54
C:\WINDOWS\SYSTEM32\WINHTTP.dll
Image Base: 0x72960000  Image Size: 0x000a0000
File Size:  636928      File Time:  2016-10-14_224418
Version:
   Company:    Microsoft Corporation
   Product:    Microsoft® Windows® Operating System
   FileDesc:   Windows HTTP Services
   FileVer:    10.0.14393.351
   ProdVer:    10.0.14393.351

Module 55
C:\WINDOWS\SYSTEM32\WINMM.dll
Image Base: 0x72c50000  Image Size: 0x00024000
File Size:  135376      File Time:  2016-07-16_064250
Version:
   Company:    Microsoft Corporation
   Product:    Microsoft® Windows® Operating System
   FileDesc:   MCI API DLL
   FileVer:    10.0.14393.0
   ProdVer:    10.0.14393.0

Module 56
C:\WINDOWS\SYSTEM32\DNSAPI.dll
Image Base: 0x72d80000  Image Size: 0x0007c000
File Size:  496872      File Time:  2016-09-15_123716
Version:
   Company:    Microsoft Corporation
   Product:    Microsoft® Windows® Operating System
   FileDesc:   DNS Client API DLL
   FileVer:    10.0.14393.206
   ProdVer:    10.0.14393.206

Module 57
C:\WINDOWS\SYSTEM32\IPHLPAPI.DLL
Image Base: 0x72e00000  Image Size: 0x0002f000
File Size:  184416      File Time:  2016-07-16_064256
Version:
   Company:    Microsoft Corporation
   Product:    Microsoft® Windows® Operating System
   FileDesc:   IP Helper API
   FileVer:    10.0.14393.0
   ProdVer:    10.0.14393.0

Module 58
C:\WINDOWS\SYSTEM32\HID.DLL
Image Base: 0x73f40000  Image Size: 0x0000a000
File Size:  25600       File Time:  2016-07-16_064250
Version:
   Company:    Microsoft Corporation
   Product:    Microsoft® Windows® Operating System
   FileDesc:   Hid User Library
   FileVer:    10.0.14393.0
   ProdVer:    10.0.14393.0

Module 59
C:\WINDOWS\WinSxS\x86_microsoft.windows.common-controls_6595b64144ccf1df_6.0.14393.447_none_89c64d28dafea4b9\COMCTL32.dll
Image Base: 0x74290000  Image Size: 0x0020a000
File Size:  2122080     File Time:  2016-11-02_060450
Version:
   Company:    Microsoft Corporation
   Product:    Microsoft® Windows® Operating System
   FileDesc:   User Experience Controls Library
   FileVer:    6.10.14393.447
   ProdVer:    10.0.14393.447

Module 60
C:\WINDOWS\SYSTEM32\VERSION.dll
Image Base: 0x744b0000  Image Size: 0x00008000
File Size:  27360       File Time:  2016-07-16_064306
Version:
   Company:    Microsoft Corporation
   Product:    Microsoft® Windows® Operating System
   FileDesc:   Version Checking and File Installation Libraries
   FileVer:    10.0.14393.0
   ProdVer:    10.0.14393.0

Module 61
C:\WINDOWS\System32\CRYPTBASE.dll
Image Base: 0x744c0000  Image Size: 0x0000a000
File Size:  31528       File Time:  2016-07-16_064250
Version:
   Company:    Microsoft Corporation
   Product:    Microsoft® Windows® Operating System
   FileDesc:   Base cryptographic API DLL
   FileVer:    10.0.14393.0
   ProdVer:    10.0.14393.0

Module 62
C:\WINDOWS\System32\SspiCli.dll
Image Base: 0x744d0000  Image Size: 0x0001e000
File Size:  117240      File Time:  2016-12-09_045110
Version:
   Company:    Microsoft Corporation
   Product:    Microsoft® Windows® Operating System
   FileDesc:   Security Support Provider Interface
   FileVer:    10.0.14393.576
   ProdVer:    10.0.14393.576

Module 63
C:\WINDOWS\System32\MSASN1.dll
Image Base: 0x744f0000  Image Size: 0x0000e000
File Size:  49080       File Time:  2016-07-16_064256
Version:
   Company:    Microsoft Corporation
   Product:    Microsoft® Windows® Operating System
   FileDesc:   ASN.1 Runtime APIs
   FileVer:    10.0.14393.0
   ProdVer:    10.0.14393.0

Module 64
C:\WINDOWS\System32\WINTRUST.dll
Image Base: 0x74500000  Image Size: 0x00044000
File Size:  272720      File Time:  2016-10-14_231902
Version:
   Company:    Microsoft Corporation
   Product:    Microsoft® Windows® Operating System
   FileDesc:   Microsoft Trust Verification APIs
   FileVer:    10.0.14393.351
   ProdVer:    10.0.14393.351

Module 65
C:\WINDOWS\System32\RPCRT4.dll
Image Base: 0x74550000  Image Size: 0x000c1000
File Size:  790760      File Time:  2016-08-05_231746
Version:
   Company:    Microsoft Corporation
   Product:    Microsoft® Windows® Operating System
   FileDesc:   Remote Procedure Call Runtime
   FileVer:    10.0.14393.82
   ProdVer:    10.0.14393.82

Module 66
C:\WINDOWS\System32\ucrtbase.dll
Image Base: 0x74620000  Image Size: 0x000e0000
File Size:  918304      File Time:  2016-07-16_064256
Version:
   Company:    Microsoft Corporation
   Product:    Microsoft® Windows® Operating System
   FileDesc:   Microsoft® C Runtime Library
   FileVer:    10.0.14393.0
   ProdVer:    10.0.14393.0

Module 67
C:\WINDOWS\System32\win32u.dll
Image Base: 0x74700000  Image Size: 0x00015000
File Size:  79536       File Time:  2016-08-01_234722
Version:
   Company:    Microsoft Corporation
   Product:    Microsoft® Windows® Operating System
   FileDesc:   Win32u
   FileVer:    10.0.14393.51
   ProdVer:    10.0.14393.51

Module 68
C:\WINDOWS\System32\GDI32.dll
Image Base: 0x74720000  Image Size: 0x0002b000
File Size:  170960      File Time:  2016-09-15_122320
Version:
   Company:    Microsoft Corporation
   Product:    Microsoft® Windows® Operating System
   FileDesc:   GDI Client DLL
   FileVer:    10.0.14393.206
   ProdVer:    10.0.14393.206

Module 69
C:\WINDOWS\System32\clbcatq.dll
Image Base: 0x74750000  Image Size: 0x00084000
File Size:  528360      File Time:  2016-07-16_064248
Version:
   Company:    Microsoft Corporation
   Product:    Microsoft® Windows® Operating System
   FileDesc:   COM+ Configuration Catalog
   FileVer:    2001.12.10941.16384
   ProdVer:    10.0.14393.0

Module 70
C:\WINDOWS\System32\cfgmgr32.dll
Image Base: 0x747e0000  Image Size: 0x00036000
File Size:  213848      File Time:  2016-07-16_064256
Version:
   Company:    Microsoft Corporation
   Product:    Microsoft® Windows® Operating System
   FileDesc:   Configuration Manager DLL
   FileVer:    10.0.14393.0
   ProdVer:    10.0.14393.0

Module 71
C:\WINDOWS\System32\profapi.dll
Image Base: 0x74880000  Image Size: 0x0000f000
File Size:  54752       File Time:  2016-07-16_064250
Version:
   Company:    Microsoft Corporation
   Product:    Microsoft® Windows® Operating System
   FileDesc:   User Profile Basic API
   FileVer:    10.0.14393.0
   ProdVer:    10.0.14393.0

Module 72
C:\WINDOWS\System32\msvcrt.dll
Image Base: 0x74890000  Image Size: 0x000be000
File Size:  773168      File Time:  2016-07-16_064250
Version:
   Company:    Microsoft Corporation
   Product:    Microsoft® Windows® Operating System
   FileDesc:   Windows NT CRT DLL
   FileVer:    7.0.14393.0
   ProdVer:    10.0.14393.0

Module 73
C:\WINDOWS\System32\windows.storage.dll
Image Base: 0x74950000  Image Size: 0x0056e000
File Size:  5722832     File Time:  2016-11-11_024716
Version:
   Company:    Microsoft Corporation
   Product:    Microsoft® Windows® Operating System
   FileDesc:   Microsoft WinRT Storage API
   FileVer:    10.0.14393.479
   ProdVer:    10.0.14393.479

Module 74
C:\WINDOWS\System32\bcryptPrimitives.dll
Image Base: 0x74ec0000  Image Size: 0x0005a000
File Size:  367208      File Time:  2016-07-16_064228
Version:
   Company:    Microsoft Corporation
   Product:    Microsoft® Windows® Operating System
   FileDesc:   Windows Cryptographic Primitives Library
   FileVer:    10.0.14393.0
   ProdVer:    10.0.14393.0

Module 75
C:\WINDOWS\System32\kernel.appcore.dll
Image Base: 0x74f20000  Image Size: 0x0000d000
File Size:  43416       File Time:  2016-07-16_064256
Version:
   Company:    Microsoft Corporation
   Product:    Microsoft® Windows® Operating System
   FileDesc:   AppModel API Host
   FileVer:    10.0.14393.0
   ProdVer:    10.0.14393.0

Module 76
C:\WINDOWS\System32\KERNEL32.DLL
Image Base: 0x74fe0000  Image Size: 0x000e0000
File Size:  616048      File Time:  2016-07-16_064246
Version:
   Company:    Microsoft Corporation
   Product:    Microsoft® Windows® Operating System
   FileDesc:   Windows NT BASE API Client DLL
   FileVer:    10.0.14393.0
   ProdVer:    10.0.14393.0

Module 77
C:\WINDOWS\System32\COMDLG32.dll
Image Base: 0x754d0000  Image Size: 0x000e5000
File Size:  912896      File Time:  2016-11-11_020428
Version:
   Company:    Microsoft Corporation
   Product:    Microsoft® Windows® Operating System
   FileDesc:   Common Dialogs DLL
   FileVer:    10.0.14393.479
   ProdVer:    10.0.14393.479

Module 78
C:\WINDOWS\System32\MSCTF.dll
Image Base: 0x755c0000  Image Size: 0x00135000
File Size:  1263856     File Time:  2016-11-11_023820
Version:
   Company:    Microsoft Corporation
   Product:    Microsoft® Windows® Operating System
   FileDesc:   MSCTF Server DLL
   FileVer:    10.0.14393.479
   ProdVer:    10.0.14393.479

Module 79
C:\WINDOWS\System32\gdi32full.dll
Image Base: 0x75700000  Image Size: 0x0015b000
File Size:  1415752     File Time:  2016-12-09_045222
Version:
   Company:    Microsoft Corporation
   Product:    Microsoft® Windows® Operating System
   FileDesc:   GDI Client DLL
   FileVer:    10.0.14393.576
   ProdVer:    10.0.14393.576

Module 80
C:\WINDOWS\System32\combase.dll
Image Base: 0x75860000  Image Size: 0x00211000
File Size:  2166752     File Time:  2016-12-09_045926
Version:
   Company:    Microsoft Corporation
   Product:    Microsoft® Windows® Operating System
   FileDesc:   Microsoft COM for Windows
   FileVer:    10.0.14393.576
   ProdVer:    10.0.14393.576

Module 81
C:\WINDOWS\System32\powrprof.dll
Image Base: 0x75a80000  Image Size: 0x00045000
File Size:  275832      File Time:  2016-07-16_064256
Version:
   Company:    Microsoft Corporation
   Product:    Microsoft® Windows® Operating System
   FileDesc:   Power Profile Helper DLL
   FileVer:    10.0.14393.0
   ProdVer:    10.0.14393.0

Module 82
C:\WINDOWS\System32\USER32.dll
Image Base: 0x75ad0000  Image Size: 0x0015f000
File Size:  1435896     File Time:  2016-12-09_045222
Version:
   Company:    Microsoft Corporation
   Product:    Microsoft® Windows® Operating System
   FileDesc:   Multi-User Windows USER API Client DLL
   FileVer:    10.0.14393.576
   ProdVer:    10.0.14393.576

Module 83
C:\WINDOWS\System32\OLEAUT32.dll
Image Base: 0x75c30000  Image Size: 0x00094000
File Size:  601712      File Time:  2016-11-02_062300
Version:
   Company:    Microsoft Corporation
   Product:    Microsoft® Windows® Operating System
   FileDesc:   OLEAUT32.DLL
   FileVer:    10.0.14393.447
   ProdVer:    10.0.14393.447

Module 84
C:\WINDOWS\System32\NSI.dll
Image Base: 0x75cd0000  Image Size: 0x00007000
File Size:  20152       File Time:  2016-07-16_064228
Version:
   Company:    Microsoft Corporation
   Product:    Microsoft® Windows® Operating System
   FileDesc:   NSI User-mode interface DLL
   FileVer:    10.0.14393.0
   ProdVer:    10.0.14393.0

Module 85
C:\WINDOWS\System32\sechost.dll
Image Base: 0x75ce0000  Image Size: 0x00041000
File Size:  255168      File Time:  2016-07-16_064250
Version:
   Company:    Microsoft Corporation
   Product:    Microsoft® Windows® Operating System
   FileDesc:   Host for SCM/SDDL/LSA Lookup APIs
   FileVer:    10.0.14393.0
   ProdVer:    10.0.14393.0

Module 86
C:\WINDOWS\System32\shcore.dll
Image Base: 0x75d30000  Image Size: 0x00088000
File Size:  549088      File Time:  2016-07-16_064244
Version:
   Company:    Microsoft Corporation
   Product:    Microsoft® Windows® Operating System
   FileDesc:   SHCORE
   FileVer:    10.0.14393.0
   ProdVer:    10.0.14393.0

Module 87
C:\WINDOWS\System32\imagehlp.dll
Image Base: 0x75dc0000  Image Size: 0x00019000
File Size:  93984       File Time:  2016-07-16_064228
Version:
   Company:    Microsoft Corporation
   Product:    Microsoft® Windows® Operating System
   FileDesc:   Windows NT Image Helper
   FileVer:    10.0.14393.0
   ProdVer:    10.0.14393.0

Module 88
C:\WINDOWS\System32\WS2_32.dll
Image Base: 0x75de0000  Image Size: 0x00063000
File Size:  402352      File Time:  2016-09-15_123706
Version:
   Company:    Microsoft Corporation
   Product:    Microsoft® Windows® Operating System
   FileDesc:   Windows Socket 2.0 32-Bit DLL
   FileVer:    10.0.14393.206
   ProdVer:    10.0.14393.206

Module 89
C:\WINDOWS\System32\SHLWAPI.dll
Image Base: 0x75e50000  Image Size: 0x00046000
File Size:  284056      File Time:  2016-07-16_064304
Version:
   Company:    Microsoft Corporation
   Product:    Microsoft® Windows® Operating System
   FileDesc:   Shell Light-weight Utility Library
   FileVer:    10.0.14393.0
   ProdVer:    10.0.14393.0

Module 90
C:\WINDOWS\System32\IMM32.dll
Image Base: 0x75ea0000  Image Size: 0x00025000
File Size:  144632      File Time:  2016-07-16_064250
Version:
   Company:    Microsoft Corporation
   Product:    Microsoft® Windows® Operating System
   FileDesc:   Multi-User Windows IMM32 API Client DLL
   FileVer:    10.0.14393.0
   ProdVer:    10.0.14393.0

Module 91
C:\WINDOWS\System32\ole32.dll
Image Base: 0x75ed0000  Image Size: 0x000ea000
File Size:  959112      File Time:  2016-12-09_045616
Version:
   Company:    Microsoft Corporation
   Product:    Microsoft® Windows® Operating System
   FileDesc:   Microsoft OLE for Windows
   FileVer:    10.0.14393.576
   ProdVer:    10.0.14393.576

Module 92
C:\WINDOWS\System32\ADVAPI32.dll
Image Base: 0x75fc0000  Image Size: 0x00077000
File Size:  482392      File Time:  2016-07-16_064250
Version:
   Company:    Microsoft Corporation
   Product:    Microsoft® Windows® Operating System
   FileDesc:   Advanced Windows 32 Base API
   FileVer:    10.0.14393.0
   ProdVer:    10.0.14393.0

Module 93
C:\WINDOWS\System32\msvcp_win.dll
Image Base: 0x76040000  Image Size: 0x0007b000
File Size:  498408      File Time:  2016-07-16_064256
Version:
   Company:    Microsoft Corporation
   Product:    Microsoft® Windows® Operating System
   FileDesc:   Microsoft® C Runtime Library
   FileVer:    10.0.14393.0
   ProdVer:    10.0.14393.0

Module 94
C:\WINDOWS\System32\CRYPT32.dll
Image Base: 0x760c0000  Image Size: 0x0017d000
File Size:  1556712     File Time:  2016-10-14_231840
Version:
   Company:    Microsoft Corporation
   Product:    Microsoft® Windows® Operating System
   FileDesc:   Crypto API32
   FileVer:    10.0.14393.351
   ProdVer:    10.0.14393.351

Module 95
C:\WINDOWS\System32\SHELL32.dll
Image Base: 0x76410000  Image Size: 0x013d9000
File Size:  20969928    File Time:  2016-12-21_000136
Version:
   Company:    Microsoft Corporation
   Product:    Microsoft® Windows® Operating System
   FileDesc:   Windows Shell Common Dll
   FileVer:    10.0.14393.693
   ProdVer:    10.0.14393.693

Module 96
C:\WINDOWS\System32\PSAPI.DLL
Image Base: 0x77850000  Image Size: 0x00006000
File Size:  17048       File Time:  2016-07-16_064246
Version:
   Company:    Microsoft Corporation
   Product:    Microsoft® Windows® Operating System
   FileDesc:   Process Status Helper
   FileVer:    10.0.14393.0
   ProdVer:    10.0.14393.0

Module 97
C:\WINDOWS\System32\KERNELBASE.dll
Image Base: 0x77860000  Image Size: 0x001a1000
File Size:  1706488     File Time:  2016-11-11_030002
Version:
   Company:    Microsoft Corporation
   Product:    Microsoft® Windows® Operating System
   FileDesc:   Windows NT BASE API Client DLL
   FileVer:    10.0.14393.479
   ProdVer:    10.0.14393.479

Module 98
C:\WINDOWS\SYSTEM32\ntdll.dll
Image Base: 0x77a10000  Image Size: 0x00183000
File Size:  1572768     File Time:  2016-11-11_030000
Version:
   Company:    Microsoft Corporation
   Product:    Microsoft® Windows® Operating System
   FileDesc:   NT Layer DLL
   FileVer:    10.0.14393.479
   ProdVer:    10.0.14393.479


== [end of error.log] ==
